Removed Pin From Net: NetName=GND Pin=P2-1
Removed Pin From Net: NetName=VCC Pin=R2-2
Removed Member From Class: ClassName=schemat Member=R2
Added Component: Designator=R?(AXIAL-0.3)
Add component. Clean all parameters for all variants
Add component (AddParameter): Name = "LatestRevisionDate"; Value = "17-Jul-2002"; VariantName = "[No Variations]"
Add component (AddParameter): Name = "LatestRevisionNote"; Value = "Re-released for DXP Platform."; VariantName = "[No Variations]"
Add component (AddParameter): Name = "PackageDescription"; Value = "Axial Device, Thru-Hole; 2 Leads; 0.3 in Pin Spacing"; VariantName = "[No Variations]"
Add component (AddParameter): Name = "PackageReference"; Value = "AXIAL-0.3"; VariantName = "[No Variations]"
Add component (AddParameter): Name = "Published"; Value = "8-Jun-2000"; VariantName = "[No Variations]"
Add component (AddParameter): Name = "Publisher"; Value = "Altium Limited"; VariantName = "[No Variations]"
Add component (AddParameter): Name = "Value"; Value = "1k"; VariantName = "[No Variations]"
Added Pin To Net: NetName=GND Pin=P2-2
Added Pin To Net: NetName=VCC Pin=R?-2
Added Pin To Net: NetName=Net*_26 Pin=*-26
Added Pin To Net: NetName=Net*_26 Pin=P2-1
Added Pin To Net: NetName=Net*_26 Pin=R?-1
Added Net: Name=Net*_26
Added Member To Class: ClassName=schemat Member=Component R? Res1
Added Room: Name=schemat
